starting scp/run-2.sh at Tue Jun 20 12:32:28 PDT 2017
DAT=data/CaliforniaHousing/cal_housing.data N=100 INC=30 PDF=img/run2-3k.pdf
> source("scp/cal-house2.R")
> library(randomForest)
randomForest 4.6-12
Type rfNews() to see new features/changes/bug fixes.
> library(gbm)
Loading required package: survival
Loading required package: lattice
Loading required package: splines
Loading required package: parallel
Loaded gbm 2.1.3
> 
> dat=read.cal.house("data/CaliforniaHousing/cal_housing.data")
> re=train.eval.rf(dat,n=100,inc=30)
rf ntr=30 at Tue Jun 20 12:32:29 2017
rf ntr=60 at Tue Jun 20 12:32:50 2017
rf ntr=90 at Tue Jun 20 12:33:30 2017
rf ntr=120 at Tue Jun 20 12:34:29 2017
rf ntr=150 at Tue Jun 20 12:35:49 2017
rf ntr=180 at Tue Jun 20 12:37:26 2017
rf ntr=210 at Tue Jun 20 12:39:24 2017
rf ntr=240 at Tue Jun 20 12:41:43 2017
rf ntr=270 at Tue Jun 20 12:44:22 2017
rf ntr=300 at Tue Jun 20 12:47:19 2017
rf ntr=330 at Tue Jun 20 12:50:37 2017
rf ntr=360 at Tue Jun 20 12:54:15 2017
rf ntr=390 at Tue Jun 20 12:58:08 2017
rf ntr=420 at Tue Jun 20 13:02:19 2017
rf ntr=450 at Tue Jun 20 13:06:49 2017
rf ntr=480 at Tue Jun 20 13:11:39 2017
rf ntr=510 at Tue Jun 20 13:16:48 2017
rf ntr=540 at Tue Jun 20 13:22:16 2017
rf ntr=570 at Tue Jun 20 13:28:03 2017
rf ntr=600 at Tue Jun 20 13:34:10 2017
rf ntr=630 at Tue Jun 20 13:40:36 2017
rf ntr=660 at Tue Jun 20 13:47:21 2017
rf ntr=690 at Tue Jun 20 13:54:25 2017
rf ntr=720 at Tue Jun 20 14:01:41 2017
rf ntr=750 at Tue Jun 20 14:09:21 2017
rf ntr=780 at Tue Jun 20 14:17:18 2017
rf ntr=810 at Tue Jun 20 14:25:36 2017
rf ntr=840 at Tue Jun 20 14:34:13 2017
rf ntr=870 at Tue Jun 20 14:43:08 2017
rf ntr=900 at Tue Jun 20 14:52:22 2017
rf ntr=930 at Tue Jun 20 15:01:55 2017
rf ntr=960 at Tue Jun 20 15:11:48 2017
rf ntr=990 at Tue Jun 20 15:22:07 2017
rf ntr=1020 at Tue Jun 20 15:32:47 2017
rf ntr=1050 at Tue Jun 20 15:43:42 2017
rf ntr=1080 at Tue Jun 20 15:54:57 2017
rf ntr=1110 at Tue Jun 20 16:06:32 2017
rf ntr=1140 at Tue Jun 20 16:18:25 2017
rf ntr=1170 at Tue Jun 20 16:30:32 2017
rf ntr=1200 at Tue Jun 20 16:42:58 2017
rf ntr=1230 at Tue Jun 20 16:55:46 2017
rf ntr=1260 at Tue Jun 20 17:08:56 2017
rf ntr=1290 at Tue Jun 20 17:22:20 2017
rf ntr=1320 at Tue Jun 20 17:36:02 2017
rf ntr=1350 at Tue Jun 20 17:50:04 2017
rf ntr=1380 at Tue Jun 20 18:04:25 2017
rf ntr=1410 at Tue Jun 20 18:19:05 2017
rf ntr=1440 at Tue Jun 20 18:34:05 2017
rf ntr=1470 at Tue Jun 20 18:49:25 2017
rf ntr=1500 at Tue Jun 20 19:05:03 2017
rf ntr=1530 at Tue Jun 20 19:21:01 2017
rf ntr=1560 at Tue Jun 20 19:37:16 2017
rf ntr=1590 at Tue Jun 20 19:53:53 2017
rf ntr=1620 at Tue Jun 20 20:10:58 2017
rf ntr=1650 at Tue Jun 20 20:28:19 2017
rf ntr=1680 at Tue Jun 20 20:45:57 2017
rf ntr=1710 at Tue Jun 20 21:03:53 2017
rf ntr=1740 at Tue Jun 20 21:22:14 2017
rf ntr=1770 at Tue Jun 20 21:40:47 2017
rf ntr=1800 at Tue Jun 20 21:59:45 2017
rf ntr=1830 at Tue Jun 20 22:19:04 2017
rf ntr=1860 at Tue Jun 20 22:38:43 2017
rf ntr=1890 at Tue Jun 20 22:58:39 2017
rf ntr=1920 at Tue Jun 20 23:18:50 2017
rf ntr=1950 at Tue Jun 20 23:39:24 2017
rf ntr=1980 at Wed Jun 21 00:00:19 2017
rf ntr=2010 at Wed Jun 21 00:21:32 2017
rf ntr=2040 at Wed Jun 21 00:43:07 2017
rf ntr=2070 at Wed Jun 21 01:05:02 2017
rf ntr=2100 at Wed Jun 21 01:27:18 2017
rf ntr=2130 at Wed Jun 21 01:49:58 2017
rf ntr=2160 at Wed Jun 21 02:13:01 2017
rf ntr=2190 at Wed Jun 21 02:36:07 2017
rf ntr=2220 at Wed Jun 21 02:59:28 2017
rf ntr=2250 at Wed Jun 21 03:23:05 2017
rf ntr=2280 at Wed Jun 21 03:47:03 2017
rf ntr=2310 at Wed Jun 21 04:11:24 2017
rf ntr=2340 at Wed Jun 21 04:36:18 2017
rf ntr=2370 at Wed Jun 21 05:01:17 2017
rf ntr=2400 at Wed Jun 21 05:26:28 2017
rf ntr=2430 at Wed Jun 21 05:52:08 2017
rf ntr=2460 at Wed Jun 21 06:18:13 2017
rf ntr=2490 at Wed Jun 21 06:44:39 2017
rf ntr=2520 at Wed Jun 21 07:11:27 2017
rf ntr=2550 at Wed Jun 21 07:38:12 2017
rf ntr=2580 at Wed Jun 21 08:05:34 2017
rf ntr=2610 at Wed Jun 21 08:33:20 2017
rf ntr=2640 at Wed Jun 21 09:01:29 2017
rf ntr=2670 at Wed Jun 21 09:29:58 2017
rf ntr=2700 at Wed Jun 21 09:58:49 2017
rf ntr=2730 at Wed Jun 21 10:28:01 2017
rf ntr=2760 at Wed Jun 21 10:57:14 2017
rf ntr=2790 at Wed Jun 21 11:26:24 2017
rf ntr=2820 at Wed Jun 21 11:56:21 2017
rf ntr=2850 at Wed Jun 21 12:26:39 2017
rf ntr=2880 at Wed Jun 21 12:57:23 2017
rf ntr=2910 at Wed Jun 21 13:28:41 2017
rf ntr=2940 at Wed Jun 21 14:00:22 2017
rf ntr=2970 at Wed Jun 21 14:32:18 2017
rf ntr=3000 at Wed Jun 21 15:04:06 2017
> ge=train.eval.gbm(dat,n=100,inc=30)
gbm ntr=30 at Wed Jun 21 15:36:33 2017
gbm ntr=60 at Wed Jun 21 15:36:34 2017
gbm ntr=90 at Wed Jun 21 15:36:35 2017
gbm ntr=120 at Wed Jun 21 15:36:38 2017
gbm ntr=150 at Wed Jun 21 15:36:40 2017
gbm ntr=180 at Wed Jun 21 15:36:44 2017
gbm ntr=210 at Wed Jun 21 15:36:48 2017
gbm ntr=240 at Wed Jun 21 15:36:52 2017
gbm ntr=270 at Wed Jun 21 15:36:58 2017
gbm ntr=300 at Wed Jun 21 15:37:03 2017
gbm ntr=330 at Wed Jun 21 15:37:10 2017
gbm ntr=360 at Wed Jun 21 15:37:17 2017
gbm ntr=390 at Wed Jun 21 15:37:25 2017
gbm ntr=420 at Wed Jun 21 15:37:33 2017
gbm ntr=450 at Wed Jun 21 15:37:42 2017
gbm ntr=480 at Wed Jun 21 15:37:52 2017
gbm ntr=510 at Wed Jun 21 15:38:02 2017
gbm ntr=540 at Wed Jun 21 15:38:12 2017
gbm ntr=570 at Wed Jun 21 15:38:24 2017
gbm ntr=600 at Wed Jun 21 15:38:36 2017
gbm ntr=630 at Wed Jun 21 15:38:48 2017
gbm ntr=660 at Wed Jun 21 15:39:01 2017
gbm ntr=690 at Wed Jun 21 15:39:15 2017
gbm ntr=720 at Wed Jun 21 15:39:30 2017
gbm ntr=750 at Wed Jun 21 15:39:45 2017
gbm ntr=780 at Wed Jun 21 15:40:01 2017
gbm ntr=810 at Wed Jun 21 15:40:17 2017
gbm ntr=840 at Wed Jun 21 15:40:34 2017
gbm ntr=870 at Wed Jun 21 15:40:51 2017
gbm ntr=900 at Wed Jun 21 15:41:09 2017
gbm ntr=930 at Wed Jun 21 15:41:28 2017
gbm ntr=960 at Wed Jun 21 15:41:48 2017
gbm ntr=990 at Wed Jun 21 15:42:08 2017
gbm ntr=1020 at Wed Jun 21 15:42:29 2017
gbm ntr=1050 at Wed Jun 21 15:42:50 2017
gbm ntr=1080 at Wed Jun 21 15:43:12 2017
gbm ntr=1110 at Wed Jun 21 15:43:34 2017
gbm ntr=1140 at Wed Jun 21 15:43:57 2017
gbm ntr=1170 at Wed Jun 21 15:44:21 2017
gbm ntr=1200 at Wed Jun 21 15:44:45 2017
gbm ntr=1230 at Wed Jun 21 15:45:10 2017
gbm ntr=1260 at Wed Jun 21 15:45:36 2017
gbm ntr=1290 at Wed Jun 21 15:46:02 2017
gbm ntr=1320 at Wed Jun 21 15:46:29 2017
gbm ntr=1350 at Wed Jun 21 15:46:56 2017
gbm ntr=1380 at Wed Jun 21 15:47:23 2017
gbm ntr=1410 at Wed Jun 21 15:47:52 2017
gbm ntr=1440 at Wed Jun 21 15:48:21 2017
gbm ntr=1470 at Wed Jun 21 15:48:51 2017
gbm ntr=1500 at Wed Jun 21 15:49:21 2017
gbm ntr=1530 at Wed Jun 21 15:49:53 2017
gbm ntr=1560 at Wed Jun 21 15:50:24 2017
gbm ntr=1590 at Wed Jun 21 15:50:56 2017
gbm ntr=1620 at Wed Jun 21 15:51:28 2017
gbm ntr=1650 at Wed Jun 21 15:52:01 2017
gbm ntr=1680 at Wed Jun 21 15:52:35 2017
gbm ntr=1710 at Wed Jun 21 15:53:09 2017
gbm ntr=1740 at Wed Jun 21 15:53:44 2017
gbm ntr=1770 at Wed Jun 21 15:54:19 2017
gbm ntr=1800 at Wed Jun 21 15:54:55 2017
gbm ntr=1830 at Wed Jun 21 15:55:32 2017
gbm ntr=1860 at Wed Jun 21 15:56:10 2017
gbm ntr=1890 at Wed Jun 21 15:56:48 2017
gbm ntr=1920 at Wed Jun 21 15:57:28 2017
gbm ntr=1950 at Wed Jun 21 15:58:08 2017
gbm ntr=1980 at Wed Jun 21 15:58:49 2017
gbm ntr=2010 at Wed Jun 21 15:59:30 2017
gbm ntr=2040 at Wed Jun 21 16:00:11 2017
gbm ntr=2070 at Wed Jun 21 16:00:53 2017
gbm ntr=2100 at Wed Jun 21 16:01:37 2017
gbm ntr=2130 at Wed Jun 21 16:02:21 2017
gbm ntr=2160 at Wed Jun 21 16:03:06 2017
gbm ntr=2190 at Wed Jun 21 16:03:50 2017
gbm ntr=2220 at Wed Jun 21 16:04:35 2017
gbm ntr=2250 at Wed Jun 21 16:05:21 2017
gbm ntr=2280 at Wed Jun 21 16:06:07 2017
gbm ntr=2310 at Wed Jun 21 16:06:53 2017
gbm ntr=2340 at Wed Jun 21 16:07:41 2017
gbm ntr=2370 at Wed Jun 21 16:08:29 2017
gbm ntr=2400 at Wed Jun 21 16:09:17 2017
gbm ntr=2430 at Wed Jun 21 16:10:06 2017
gbm ntr=2460 at Wed Jun 21 16:10:55 2017
gbm ntr=2490 at Wed Jun 21 16:11:45 2017
gbm ntr=2520 at Wed Jun 21 16:12:39 2017
gbm ntr=2550 at Wed Jun 21 16:13:30 2017
gbm ntr=2580 at Wed Jun 21 16:14:22 2017
gbm ntr=2610 at Wed Jun 21 16:15:14 2017
gbm ntr=2640 at Wed Jun 21 16:16:06 2017
gbm ntr=2670 at Wed Jun 21 16:17:00 2017
gbm ntr=2700 at Wed Jun 21 16:17:54 2017
gbm ntr=2730 at Wed Jun 21 16:18:49 2017
gbm ntr=2760 at Wed Jun 21 16:19:43 2017
gbm ntr=2790 at Wed Jun 21 16:20:39 2017
gbm ntr=2820 at Wed Jun 21 16:21:36 2017
gbm ntr=2850 at Wed Jun 21 16:22:33 2017
gbm ntr=2880 at Wed Jun 21 16:23:31 2017
gbm ntr=2910 at Wed Jun 21 16:24:29 2017
gbm ntr=2940 at Wed Jun 21 16:25:28 2017
gbm ntr=2970 at Wed Jun 21 16:26:27 2017
gbm ntr=3000 at Wed Jun 21 16:27:28 2017
> 
> pdf("img/run2-3k.pdf")
> plot.rf.gbm(re,ge,inc=30)
> dev.off()
null device 
          1 
> 
> warnings()
NULL
> quit(save="no")
finished scp/run-2.sh at Wed Jun 21 16:28:29 PDT 2017
