starting scp/run-2.sh at Tue Jun 20 09:37:58 PDT 2017
DAT=data/CaliforniaHousing/cal_housing.data N=100 INC=3 PDF=img/run2-300.pdf
> source("scp/cal-house2.R")
> library(randomForest)
randomForest 4.6-12
Type rfNews() to see new features/changes/bug fixes.
> library(gbm)
Loading required package: survival
Loading required package: lattice
Loading required package: splines
Loading required package: parallel
Loaded gbm 2.1.3
> 
> dat=read.cal.house("data/CaliforniaHousing/cal_housing.data")
> re=train.eval.rf(dat,n=100,inc=3)
rf ntr=3 at Tue Jun 20 09:38:00 2017
rf ntr=6 at Tue Jun 20 09:38:04 2017
rf ntr=9 at Tue Jun 20 09:38:08 2017
rf ntr=12 at Tue Jun 20 09:38:14 2017
rf ntr=15 at Tue Jun 20 09:38:22 2017
rf ntr=18 at Tue Jun 20 09:38:32 2017
rf ntr=21 at Tue Jun 20 09:38:44 2017
rf ntr=24 at Tue Jun 20 09:38:58 2017
rf ntr=27 at Tue Jun 20 09:39:13 2017
rf ntr=30 at Tue Jun 20 09:39:30 2017
rf ntr=33 at Tue Jun 20 09:39:50 2017
rf ntr=36 at Tue Jun 20 09:40:11 2017
rf ntr=39 at Tue Jun 20 09:40:34 2017
rf ntr=42 at Tue Jun 20 09:40:59 2017
rf ntr=45 at Tue Jun 20 09:41:26 2017
rf ntr=48 at Tue Jun 20 09:41:55 2017
rf ntr=51 at Tue Jun 20 09:42:26 2017
rf ntr=54 at Tue Jun 20 09:42:59 2017
rf ntr=57 at Tue Jun 20 09:43:34 2017
rf ntr=60 at Tue Jun 20 09:44:11 2017
rf ntr=63 at Tue Jun 20 09:44:49 2017
rf ntr=66 at Tue Jun 20 09:45:30 2017
rf ntr=69 at Tue Jun 20 09:46:12 2017
rf ntr=72 at Tue Jun 20 09:46:57 2017
rf ntr=75 at Tue Jun 20 09:47:43 2017
rf ntr=78 at Tue Jun 20 09:48:32 2017
rf ntr=81 at Tue Jun 20 09:49:22 2017
rf ntr=84 at Tue Jun 20 09:50:15 2017
rf ntr=87 at Tue Jun 20 09:51:09 2017
rf ntr=90 at Tue Jun 20 09:52:05 2017
rf ntr=93 at Tue Jun 20 09:53:03 2017
rf ntr=96 at Tue Jun 20 09:54:03 2017
rf ntr=99 at Tue Jun 20 09:55:05 2017
rf ntr=102 at Tue Jun 20 09:56:09 2017
rf ntr=105 at Tue Jun 20 09:57:14 2017
rf ntr=108 at Tue Jun 20 09:58:22 2017
rf ntr=111 at Tue Jun 20 09:59:31 2017
rf ntr=114 at Tue Jun 20 10:00:43 2017
rf ntr=117 at Tue Jun 20 10:01:58 2017
rf ntr=120 at Tue Jun 20 10:03:13 2017
rf ntr=123 at Tue Jun 20 10:04:30 2017
rf ntr=126 at Tue Jun 20 10:05:49 2017
rf ntr=129 at Tue Jun 20 10:07:10 2017
rf ntr=132 at Tue Jun 20 10:08:33 2017
rf ntr=135 at Tue Jun 20 10:09:58 2017
rf ntr=138 at Tue Jun 20 10:11:24 2017
rf ntr=141 at Tue Jun 20 10:12:52 2017
rf ntr=144 at Tue Jun 20 10:14:22 2017
rf ntr=147 at Tue Jun 20 10:15:54 2017
rf ntr=150 at Tue Jun 20 10:17:27 2017
rf ntr=153 at Tue Jun 20 10:19:03 2017
rf ntr=156 at Tue Jun 20 10:20:40 2017
rf ntr=159 at Tue Jun 20 10:22:20 2017
rf ntr=162 at Tue Jun 20 10:24:01 2017
rf ntr=165 at Tue Jun 20 10:25:45 2017
rf ntr=168 at Tue Jun 20 10:27:30 2017
rf ntr=171 at Tue Jun 20 10:29:17 2017
rf ntr=174 at Tue Jun 20 10:31:07 2017
rf ntr=177 at Tue Jun 20 10:32:58 2017
rf ntr=180 at Tue Jun 20 10:34:51 2017
rf ntr=183 at Tue Jun 20 10:36:47 2017
rf ntr=186 at Tue Jun 20 10:38:44 2017
rf ntr=189 at Tue Jun 20 10:40:44 2017
rf ntr=192 at Tue Jun 20 10:42:46 2017
rf ntr=195 at Tue Jun 20 10:44:49 2017
rf ntr=198 at Tue Jun 20 10:46:55 2017
rf ntr=201 at Tue Jun 20 10:49:01 2017
rf ntr=204 at Tue Jun 20 10:51:09 2017
rf ntr=207 at Tue Jun 20 10:53:19 2017
rf ntr=210 at Tue Jun 20 10:55:31 2017
rf ntr=213 at Tue Jun 20 10:57:45 2017
rf ntr=216 at Tue Jun 20 11:00:03 2017
rf ntr=219 at Tue Jun 20 11:02:23 2017
rf ntr=222 at Tue Jun 20 11:04:44 2017
rf ntr=225 at Tue Jun 20 11:07:08 2017
rf ntr=228 at Tue Jun 20 11:09:33 2017
rf ntr=231 at Tue Jun 20 11:12:01 2017
rf ntr=234 at Tue Jun 20 11:14:30 2017
rf ntr=237 at Tue Jun 20 11:17:01 2017
rf ntr=240 at Tue Jun 20 11:19:34 2017
rf ntr=243 at Tue Jun 20 11:22:11 2017
rf ntr=246 at Tue Jun 20 11:24:49 2017
rf ntr=249 at Tue Jun 20 11:27:33 2017
rf ntr=252 at Tue Jun 20 11:30:14 2017
rf ntr=255 at Tue Jun 20 11:32:55 2017
rf ntr=258 at Tue Jun 20 11:35:37 2017
rf ntr=261 at Tue Jun 20 11:38:22 2017
rf ntr=264 at Tue Jun 20 11:41:09 2017
rf ntr=267 at Tue Jun 20 11:43:58 2017
rf ntr=270 at Tue Jun 20 11:46:49 2017
rf ntr=273 at Tue Jun 20 11:49:43 2017
rf ntr=276 at Tue Jun 20 11:52:39 2017
rf ntr=279 at Tue Jun 20 11:55:36 2017
rf ntr=282 at Tue Jun 20 11:58:35 2017
rf ntr=285 at Tue Jun 20 12:01:35 2017
rf ntr=288 at Tue Jun 20 12:04:36 2017
rf ntr=291 at Tue Jun 20 12:07:40 2017
rf ntr=294 at Tue Jun 20 12:10:46 2017
rf ntr=297 at Tue Jun 20 12:13:53 2017
rf ntr=300 at Tue Jun 20 12:17:02 2017
> ge=train.eval.gbm(dat,n=100,inc=3)
gbm ntr=3 at Tue Jun 20 12:20:13 2017
gbm ntr=6 at Tue Jun 20 12:20:13 2017
gbm ntr=9 at Tue Jun 20 12:20:13 2017
gbm ntr=12 at Tue Jun 20 12:20:14 2017
gbm ntr=15 at Tue Jun 20 12:20:14 2017
gbm ntr=18 at Tue Jun 20 12:20:14 2017
gbm ntr=21 at Tue Jun 20 12:20:15 2017
gbm ntr=24 at Tue Jun 20 12:20:15 2017
gbm ntr=27 at Tue Jun 20 12:20:16 2017
gbm ntr=30 at Tue Jun 20 12:20:17 2017
gbm ntr=33 at Tue Jun 20 12:20:18 2017
gbm ntr=36 at Tue Jun 20 12:20:18 2017
gbm ntr=39 at Tue Jun 20 12:20:19 2017
gbm ntr=42 at Tue Jun 20 12:20:20 2017
gbm ntr=45 at Tue Jun 20 12:20:21 2017
gbm ntr=48 at Tue Jun 20 12:20:22 2017
gbm ntr=51 at Tue Jun 20 12:20:23 2017
gbm ntr=54 at Tue Jun 20 12:20:25 2017
gbm ntr=57 at Tue Jun 20 12:20:26 2017
gbm ntr=60 at Tue Jun 20 12:20:27 2017
gbm ntr=63 at Tue Jun 20 12:20:29 2017
gbm ntr=66 at Tue Jun 20 12:20:30 2017
gbm ntr=69 at Tue Jun 20 12:20:32 2017
gbm ntr=72 at Tue Jun 20 12:20:33 2017
gbm ntr=75 at Tue Jun 20 12:20:35 2017
gbm ntr=78 at Tue Jun 20 12:20:37 2017
gbm ntr=81 at Tue Jun 20 12:20:39 2017
gbm ntr=84 at Tue Jun 20 12:20:41 2017
gbm ntr=87 at Tue Jun 20 12:20:43 2017
gbm ntr=90 at Tue Jun 20 12:20:45 2017
gbm ntr=93 at Tue Jun 20 12:20:47 2017
gbm ntr=96 at Tue Jun 20 12:20:49 2017
gbm ntr=99 at Tue Jun 20 12:20:51 2017
gbm ntr=102 at Tue Jun 20 12:20:53 2017
gbm ntr=105 at Tue Jun 20 12:20:56 2017
gbm ntr=108 at Tue Jun 20 12:20:58 2017
gbm ntr=111 at Tue Jun 20 12:21:01 2017
gbm ntr=114 at Tue Jun 20 12:21:03 2017
gbm ntr=117 at Tue Jun 20 12:21:06 2017
gbm ntr=120 at Tue Jun 20 12:21:08 2017
gbm ntr=123 at Tue Jun 20 12:21:11 2017
gbm ntr=126 at Tue Jun 20 12:21:14 2017
gbm ntr=129 at Tue Jun 20 12:21:17 2017
gbm ntr=132 at Tue Jun 20 12:21:20 2017
gbm ntr=135 at Tue Jun 20 12:21:23 2017
gbm ntr=138 at Tue Jun 20 12:21:26 2017
gbm ntr=141 at Tue Jun 20 12:21:29 2017
gbm ntr=144 at Tue Jun 20 12:21:32 2017
gbm ntr=147 at Tue Jun 20 12:21:35 2017
gbm ntr=150 at Tue Jun 20 12:21:38 2017
gbm ntr=153 at Tue Jun 20 12:21:42 2017
gbm ntr=156 at Tue Jun 20 12:21:45 2017
gbm ntr=159 at Tue Jun 20 12:21:48 2017
gbm ntr=162 at Tue Jun 20 12:21:52 2017
gbm ntr=165 at Tue Jun 20 12:21:56 2017
gbm ntr=168 at Tue Jun 20 12:21:59 2017
gbm ntr=171 at Tue Jun 20 12:22:03 2017
gbm ntr=174 at Tue Jun 20 12:22:07 2017
gbm ntr=177 at Tue Jun 20 12:22:10 2017
gbm ntr=180 at Tue Jun 20 12:22:14 2017
gbm ntr=183 at Tue Jun 20 12:22:18 2017
gbm ntr=186 at Tue Jun 20 12:22:22 2017
gbm ntr=189 at Tue Jun 20 12:22:26 2017
gbm ntr=192 at Tue Jun 20 12:22:30 2017
gbm ntr=195 at Tue Jun 20 12:22:35 2017
gbm ntr=198 at Tue Jun 20 12:22:39 2017
gbm ntr=201 at Tue Jun 20 12:22:43 2017
gbm ntr=204 at Tue Jun 20 12:22:48 2017
gbm ntr=207 at Tue Jun 20 12:22:52 2017
gbm ntr=210 at Tue Jun 20 12:22:57 2017
gbm ntr=213 at Tue Jun 20 12:23:01 2017
gbm ntr=216 at Tue Jun 20 12:23:06 2017
gbm ntr=219 at Tue Jun 20 12:23:11 2017
gbm ntr=222 at Tue Jun 20 12:23:15 2017
gbm ntr=225 at Tue Jun 20 12:23:20 2017
gbm ntr=228 at Tue Jun 20 12:23:25 2017
gbm ntr=231 at Tue Jun 20 12:23:30 2017
gbm ntr=234 at Tue Jun 20 12:23:35 2017
gbm ntr=237 at Tue Jun 20 12:23:40 2017
gbm ntr=240 at Tue Jun 20 12:23:45 2017
gbm ntr=243 at Tue Jun 20 12:23:50 2017
gbm ntr=246 at Tue Jun 20 12:23:56 2017
gbm ntr=249 at Tue Jun 20 12:24:01 2017
gbm ntr=252 at Tue Jun 20 12:24:06 2017
gbm ntr=255 at Tue Jun 20 12:24:12 2017
gbm ntr=258 at Tue Jun 20 12:24:17 2017
gbm ntr=261 at Tue Jun 20 12:24:23 2017
gbm ntr=264 at Tue Jun 20 12:24:29 2017
gbm ntr=267 at Tue Jun 20 12:24:34 2017
gbm ntr=270 at Tue Jun 20 12:24:40 2017
gbm ntr=273 at Tue Jun 20 12:24:46 2017
gbm ntr=276 at Tue Jun 20 12:24:52 2017
gbm ntr=279 at Tue Jun 20 12:24:57 2017
gbm ntr=282 at Tue Jun 20 12:25:03 2017
gbm ntr=285 at Tue Jun 20 12:25:09 2017
gbm ntr=288 at Tue Jun 20 12:25:15 2017
gbm ntr=291 at Tue Jun 20 12:25:22 2017
gbm ntr=294 at Tue Jun 20 12:25:28 2017
gbm ntr=297 at Tue Jun 20 12:25:34 2017
gbm ntr=300 at Tue Jun 20 12:25:40 2017
> 
> pdf("img/run2-300.pdf")
> plot.rf.gbm(re,ge,inc=3)
> dev.off()
null device 
          1 
> 
> warnings()
NULL
> quit(save="no")
finished scp/run-2.sh at Tue Jun 20 12:25:47 PDT 2017
